0 info it worked if it ends with ok
1 verbose cli [ 'C:\\Program Files\\nodejs\\node.exe',
1 verbose cli   'C:\\Program Files\\nodejs\\node_modules\\npm\\bin\\npm-cli.js',
1 verbose cli   'start' ]
2 info using npm@3.10.10
3 info using node@v6.11.2
4 verbose run-script [ 'prestart', 'start', 'poststart' ]
5 info lifecycle express-demo@0.0.0~prestart: express-demo@0.0.0
6 silly lifecycle express-demo@0.0.0~prestart: no script for prestart, continuing
7 info lifecycle express-demo@0.0.0~start: express-demo@0.0.0
8 verbose lifecycle express-demo@0.0.0~start: unsafe-perm in lifecycle true
9 verbose lifecycle express-demo@0.0.0~start: PATH: C:\Program Files\nodejs\node_modules\npm\bin\node-gyp-bin;D:\demo\express_demo\node_modules\.bin;C:\ProgramData\Oracle\Java\javapath;C:\WINDOWS\system32;C:\Program Files\MySQL\MySQL Server 5.5\bin;C:\Program Files (x86)\Windows Kits\8.1\Windows Performance Toolkit\;C:\Program Files\Microsoft SQL Server\110\Tools\Binn\;C:\Program Files (x86)\Microsoft SDKs\TypeScript\1.0\;C:\Program Files (x86)\Common Files\Thunder Network\KanKan\Codecs;C:\Program Files\Java\jdk1.8.0_144\bin;D:\apache-maven-3.5.0\bin; ;C:\Program Files\nodejs\;C:\WINDOWS\system32;C:\AppServ\Apache2.2\bin;C:\AppServ\php5;C:\AppServ\MySQL\bin;C:\Program Files\Java\jdk1.8.0_144\lib;CATALINA_HOME：D:\All-In-One-SpagoBI-5.2.1-6030e025b0 ;C:\Users\cxy\AppData\Roaming\npm;c:\program files (x86)\Mydrivers\DriverGenius2013;c:\program files (x86)\Mydrivers\DriverGenius2013\ksoft
10 verbose lifecycle express-demo@0.0.0~start: CWD: D:\demo\express_demo
11 silly lifecycle express-demo@0.0.0~start: Args: [ '/d /s /c', 'node ./bin/www' ]
12 verbose stack Error: kill ENOSYS
12 verbose stack     at exports._errnoException (util.js:1020:11)
12 verbose stack     at process.kill (internal/process.js:190:13)
12 verbose stack     at process.listener (C:\Program Files\nodejs\node_modules\npm\node_modules\npmlog\node_modules\gauge\node_modules\signal-exit\index.js:86:15)
12 verbose stack     at emitNone (events.js:91:20)
12 verbose stack     at process.emit (events.js:185:7)
12 verbose stack     at processEmit (C:\Program Files\nodejs\node_modules\npm\node_modules\npmlog\node_modules\gauge\node_modules\signal-exit\index.js:146:32)
12 verbose stack     at processEmit (C:\Program Files\nodejs\node_modules\npm\node_modules\npm-registry-client\node_modules\npmlog\node_modules\gauge\node_modules\signal-exit\index.js:146:32)
12 verbose stack     at Signal.wrap.onsignal (internal/process.js:217:44)
13 verbose cwd D:\demo\express_demo
14 error Windows_NT 6.2.9200
15 error argv "C:\\Program Files\\nodejs\\node.exe" "C:\\Program Files\\nodejs\\node_modules\\npm\\bin\\npm-cli.js" "start"
16 error node v6.11.2
17 error npm  v3.10.10
18 error code ENOSYS
19 error errno ENOSYS
20 error syscall kill
21 error kill ENOSYS
22 error If you need help, you may report this error at:
22 error     <https://github.com/npm/npm/issues>
23 verbose exit [ 1, true ]
